<?xml version="1.0" encoding="UTF-8"?>
<testng-results ignored="0" total="1" passed="1" failed="0" skipped="0">
  <reporter-output>
    <line>
      <![CDATA[browser open sucsessfully]]>
    </line>
    <line>
      <![CDATA[launch brouser sucessfully]]>
    </line>
  </reporter-output>
  <suite started-at="2023-01-10T18:48:58 IST" name="Default suite" finished-at="2023-01-10T18:49:15 IST" duration-ms="17162">
    <groups>
    </groups>
    <test started-at="2023-01-10T18:48:58 IST" name="Default test" finished-at="2023-01-10T18:49:15 IST" duration-ms="17162">
      <class name="TestClasses.NewTestICS">
        <test-method is-config="true" signature="openBrouser()[pri:0, instance:TestClasses.NewTestICS@bae7dc0]" started-at="2023-01-10T18:48:58 IST" name="openBrouser" finished-at="2023-01-10T18:49:08 IST" duration-ms="9143" status="PASS">
          <reporter-output>
            <line>
              <![CDATA[browser open sucsessfully]]>
            </line>
          </reporter-output>
        </test-method> <!-- openBrouser -->
        <test-method is-config="true" signature="loginToApp()[pri:0, instance:TestClasses.NewTestICS@bae7dc0]" started-at="2023-01-10T18:49:08 IST" name="loginToApp" finished-at="2023-01-10T18:49:15 IST" duration-ms="7918" status="PASS">
          <reporter-output>
          </reporter-output>
        </test-method> <!-- loginToApp -->
        <test-method signature="validateloginPage()[pri:0, instance:TestClasses.NewTestICS@bae7dc0]" started-at="2023-01-10T18:49:15 IST" name="validateloginPage" finished-at="2023-01-10T18:49:15 IST" duration-ms="11" status="PASS">
          <reporter-output>
            <line>
              <![CDATA[launch brouser sucessfully]]>
            </line>
          </reporter-output>
        </test-method> <!-- validateloginPage -->
      </class> <!-- TestClasses.NewTestICS -->
    </test> <!-- Default test -->
  </suite> <!-- Default suite -->
</testng-results>
